Arguments: 
  /home/vincetiu/.asdf/installs/nodejs/18.8.0/bin/node /home/vincetiu/.asdf/installs/yarn/1.22.19/bin/yarn.js init

PATH: 
  /home/vincetiu/.asdf/plugins/nodejs/shims:/home/vincetiu/.asdf/installs/nodejs/18.8.0/.npm/bin:/home/vincetiu/.asdf/installs/nodejs/18.8.0/bin:/home/vincetiu/.asdf/installs/yarn/1.22.19/bin:/home/vincetiu/Downloads/google-cloud-sdk/bin:~/.local/bin:/home/vincetiu/go:/home/vincetiu/go/bin:/home/vincetiu/.krew/bin:/home/vincetiu/.asdf/shims:/home/vincetiu/.asdf/bin:/home/vincetiu/.local/share/solana/install/active_release/bin:/home/vincetiu/.cargo/bin:/home/linuxbrew/.linuxbrew/bin:/home/linuxbrew/.linuxbrew/sbin:/home/vincetiu/.local/bin:/usr/local/sbin:/usr/local/bin:/usr/sbin:/usr/bin:/sbin:/bin:/usr/games:/usr/local/games:/snap/bin:/home/vincetiu/.local/share/JetBrains/Toolbox/scripts

Yarn version: 
  1.22.19

Node version: 
  18.8.0

Platform: 
  linux x64

Trace: 
  Error: canceled
      at Interface.<anonymous> (/home/vincetiu/.asdf/installs/yarn/1.22.19/lib/cli.js:137150:13)
      at Interface.emit (node:events:513:28)
      at [_ttyWrite] [as _ttyWrite] (node:internal/readline/interface:1124:18)
      at ReadStream.onkeypress (node:internal/readline/interface:273:20)
      at ReadStream.emit (node:events:513:28)
      at emitKeys (node:internal/readline/utils:357:14)
      at emitKeys.next (<anonymous>)
      at ReadStream.onData (node:internal/readline/emitKeypressEvents:64:36)
      at ReadStream.emit (node:events:513:28)
      at addChunk (node:internal/streams/readable:324:12)

npm manifest: 
  {
    "name": "backend",
    "version": "1.0.0",
    "main": "index.js",
    "license": "MIT"
  }

yarn manifest: 
  No manifest

Lockfile: 
  No lockfile
